{"/home/jacobvdang/401/server-deployment-practice/server.js": {"path":"/home/jacobvdang/401/server-deployment-practice/server.js","statementMap":{"0":{"start":{"line":3,"column":0},"end":{"line":3,"column":27}},"1":{"start":{"line":5,"column":16},"end":{"line":5,"column":34}},"2":{"start":{"line":7,"column":13},"end":{"line":7,"column":28}},"3":{"start":{"line":9,"column":15},"end":{"line":9,"column":45}},"4":{"start":{"line":11,"column":17},"end":{"line":11,"column":42}},"5":{"start":{"line":13,"column":21},"end":{"line":13,"column":46}},"6":{"start":{"line":15,"column":12},"end":{"line":15,"column":21}},"7":{"start":{"line":17,"column":0},"end":{"line":17,"column":16}},"8":{"start":{"line":19,"column":13},"end":{"line":19,"column":37}},"9":{"start":{"line":24,"column":0},"end":{"line":26,"column":2}},"10":{"start":{"line":25,"column":4},"end":{"line":25,"column":41}},"11":{"start":{"line":29,"column":0},"end":{"line":31,"column":3}},"12":{"start":{"line":30,"column":4},"end":{"line":30,"column":19}},"13":{"start":{"line":33,"column":0},"end":{"line":33,"column":24}},"14":{"start":{"line":35,"column":0},"end":{"line":35,"column":22}},"15":{"start":{"line":39,"column":4},"end":{"line":39,"column":64}},"16":{"start":{"line":39,"column":27},"end":{"line":39,"column":62}},"17":{"start":{"line":42,"column":0},"end":{"line":42,"column":32}}},"fnMap":{"0":{"name":"(anonymous_0)","decl":{"start":{"line":24,"column":13},"end":{"line":24,"column":14}},"loc":{"start":{"line":24,"column":33},"end":{"line":26,"column":1}},"line":24},"1":{"name":"(anonymous_1)","decl":{"start":{"line":29,"column":16},"end":{"line":29,"column":17}},"loc":{"start":{"line":29,"column":36},"end":{"line":31,"column":1}},"line":29},"2":{"name":"start","decl":{"start":{"line":38,"column":9},"end":{"line":38,"column":14}},"loc":{"start":{"line":38,"column":17},"end":{"line":40,"column":1}},"line":38},"3":{"name":"(anonymous_3)","decl":{"start":{"line":39,"column":21},"end":{"line":39,"column":22}},"loc":{"start":{"line":39,"column":27},"end":{"line":39,"column":62}},"line":39}},"branchMap":{"0":{"loc":{"start":{"line":19,"column":13},"end":{"line":19,"column":37}},"type":"binary-expr","locations":[{"start":{"line":19,"column":13},"end":{"line":19,"column":29}},{"start":{"line":19,"column":33},"end":{"line":19,"column":37}}],"line":19}},"s":{"0":1,"1":1,"2":1,"3":1,"4":1,"5":1,"6":1,"7":1,"8":1,"9":1,"10":1,"11":1,"12":1,"13":1,"14":1,"15":0,"16":0,"17":1},"f":{"0":1,"1":1,"2":0,"3":0},"b":{"0":[1,0]},"_coverageSchema":"1a1c01bbd47fc00a2c39e90264f33305004495a9","hash":"7bf2540d4202d099fd487ba6aad9681c5879dc8a"}
,"/home/jacobvdang/401/server-deployment-practice/handlers/404.js": {"path":"/home/jacobvdang/401/server-deployment-practice/handlers/404.js","statementMap":{"0":{"start":{"line":3,"column":0},"end":{"line":10,"column":1}},"1":{"start":{"line":4,"column":4},"end":{"line":8,"column":7}}},"fnMap":{"0":{"name":"(anonymous_0)","decl":{"start":{"line":3,"column":17},"end":{"line":3,"column":18}},"loc":{"start":{"line":3,"column":37},"end":{"line":10,"column":1}},"line":3}},"branchMap":{},"s":{"0":1,"1":1},"f":{"0":1},"b":{},"_coverageSchema":"1a1c01bbd47fc00a2c39e90264f33305004495a9","hash":"09be73b4fe4c81d0ad38412b0ed508146108512b"}
,"/home/jacobvdang/401/server-deployment-practice/handlers/500.js": {"path":"/home/jacobvdang/401/server-deployment-practice/handlers/500.js","statementMap":{"0":{"start":{"line":3,"column":0},"end":{"line":12,"column":1}},"1":{"start":{"line":4,"column":4},"end":{"line":11,"column":3}}},"fnMap":{"0":{"name":"(anonymous_0)","decl":{"start":{"line":3,"column":17},"end":{"line":3,"column":18}},"loc":{"start":{"line":3,"column":44},"end":{"line":12,"column":1}},"line":3}},"branchMap":{},"s":{"0":1,"1":1},"f":{"0":1},"b":{},"_coverageSchema":"1a1c01bbd47fc00a2c39e90264f33305004495a9","hash":"36002e4f1cf16696adc1ef65a6c4773150ab9bfe"}
,"/home/jacobvdang/401/server-deployment-practice/middleware/logger.js": {"path":"/home/jacobvdang/401/server-deployment-practice/middleware/logger.js","statementMap":{"0":{"start":{"line":3,"column":0},"end":{"line":7,"column":5}},"1":{"start":{"line":4,"column":4},"end":{"line":4,"column":30}},"2":{"start":{"line":5,"column":4},"end":{"line":5,"column":44}},"3":{"start":{"line":6,"column":4},"end":{"line":6,"column":11}}},"fnMap":{"0":{"name":"(anonymous_0)","decl":{"start":{"line":3,"column":17},"end":{"line":3,"column":18}},"loc":{"start":{"line":3,"column":37},"end":{"line":7,"column":5}},"line":3}},"branchMap":{},"s":{"0":1,"1":0,"2":0,"3":0},"f":{"0":0},"b":{},"_coverageSchema":"1a1c01bbd47fc00a2c39e90264f33305004495a9","hash":"b079b57fc8e00db2c6aa9845994bdf0171f9c8ae"}
}
